#
# There is insufficient memory for the Java Runtime Environment to continue.
# Native memory allocation (mmap) failed to map 268435456 bytes for G1 virtual space
# Possible reasons:
#   The system is out of physical RAM or swap space
#   The process is running with CompressedOops enabled, and the Java Heap may be blocking the growth of the native heap
# Possible solutions:
#   Reduce memory load on the system
#   Increase physical memory or swap space
#   Check if swap backing store is full
#   Decrease Java heap size (-Xmx/-Xms)
#   Decrease number of Java threads
#   Decrease Java thread stack sizes (-Xss)
#   Set larger code cache with -XX:ReservedCodeCacheSize=
#   JVM is running with Zero Based Compressed Oops mode in which the Java heap is
#     placed in the first 32GB address space. The Java Heap base address is the
#     maximum limit for the native heap growth. Please use -XX:HeapBaseMinAddress
#     to set the Java Heap base and to place the Java Heap above 32GB virtual address.
# This output file may be truncated or incomplete.
#
#  Out of Memory Error (os_windows.cpp:3825), pid=14952, tid=20608
#
# JRE version:  (17.0.9) (build )
# Java VM: OpenJDK 64-Bit Server VM (17.0.9+0--11185874, mixed mode, sharing, tiered, compressed oops, compressed class ptrs, g1 gc, windows-amd64)
# No core dump will be written. Minidumps are not enabled by default on client versions of Windows
#

---------------  S U M M A R Y ------------

Command Line: org.jetbrains.kotlin.cli.jvm.K2JVMCompiler @C:\Users\Propietario\Desktop\pruebasTGG\app\build\20240725_4154239287716668391.compiler.options

Host: Intel(R) Core(TM) i5-5300U CPU @ 2.30GHz, 4 cores, 15G,  Windows 10 , 64 bit Build 19041 (10.0.19041.3636)
Time: Thu Jul 25 19:50:19 2024 Hora de verano romance elapsed time: 0.036163 seconds (0d 0h 0m 0s)

---------------  T H R E A D  ---------------

Current thread (0x000002094cfeff90):  JavaThread "Unknown thread" [_thread_in_vm, id=20608, stack(0x00000088d4100000,0x00000088d4200000)]

Stack: [0x00000088d4100000,0x00000088d4200000]
Native frames: (J=compiled Java code, j=interpreted, Vv=VM code, C=native code)
V  [jvm.dll+0x6886e9]
V  [jvm.dll+0x841e4a]
V  [jvm.dll+0x843a8e]
V  [jvm.dll+0x8440f3]
V  [jvm.dll+0x24c14f]
V  [jvm.dll+0x685499]
V  [jvm.dll+0x679c2a]
V  [jvm.dll+0x30cf9b]
V  [jvm.dll+0x314446]
V  [jvm.dll+0x36425e]
V  [jvm.dll+0x36448f]
V  [jvm.dll+0x2e2d68]
V  [jvm.dll+0x2e3cd4]
V  [jvm.dll+0x8129f1]
V  [jvm.dll+0x3720c1]
V  [jvm.dll+0x7f152c]
V  [jvm.dll+0x3f5d4f]
V  [jvm.dll+0x3f7981]
C  [jli.dll+0x528f]
C  [ucrtbase.dll+0x21bb2]
C  [KERNEL32.DLL+0x17344]
C  [ntdll.dll+0x4cc91]


---------------  P R O C E S S  ---------------

Threads class SMR info:
_java_thread_list=0x00007ffe19c3ef18, length=0, elements={
}

Java Threads: ( => current thread )

Other Threads:
  0x000002094d0584a0 GCTaskThread "GC Thread#0" [stack: 0x00000088d4200000,0x00000088d4300000] [id=16196]
  0x000002094d069200 ConcurrentGCThread "G1 Main Marker" [stack: 0x00000088d4300000,0x00000088d4400000] [id=1020]
  0x000002094d06b3d0 ConcurrentGCThread "G1 Conc#0" [stack: 0x00000088d4400000,0x00000088d4500000] [id=18536]

[error occurred during error reporting (printing all threads), id 0xc0000005, EXCEPTION_ACCESS_VIOLATION (0xc0000005) at pc=0x00007ffe193f3937]

VM state: not at safepoint (not fully initialized)

VM Mutex/Monitor currently owned by a thread:  ([mutex/lock_event])
[0x000002094cfebe20] Heap_lock - owner thread: 0x000002094cfeff90

Heap address: 0x0000000701e00000, size: 4066 MB, Compressed Oops mode: Zero based, Oop shift amount: 3

CDS archive(s) mapped at: [0x0000000000000000-0x0000000000000000-0x0000000000000000), size 0, SharedBaseAddress: 0x0000000800000000, ArchiveRelocationMode: 1.
Narrow klass base: 0x0000000000000000, Narrow klass shift: 0, Narrow klass range: 0x0

GC Precious Log:
<Empty>

Heap:
 garbage-first heap   total 0K, used 0K [0x0000000701e00000, 0x0000000800000000)
  region size 2048K, 0 young (0K), 0 survivors (0K)
 Metaspace       used 0K, committed 0K, reserved 0K
  class space    used 0K, committed 0K, reserved 0K

Heap Regions: E=young(eden), S=young(survivor), O=old, HS=humongous(starts), HC=humongous(continues), CS=collection set, F=free, OA=open archive, CA=closed archive, TAMS=top-at-mark-start (previous, next)

Card table byte_map: [0x000002095fcd0000,0x00000209604d0000] _byte_map_base: 0x000002095c4c1000

Marking Bits (Prev, Next): (CMBitMap*) 0x000002094d058ac0, (CMBitMap*) 0x000002094d058b00
 Prev Bits: [0x0000020960cd0000, 0x0000020964c58000)
 Next Bits: [0x0000020964c60000, 0x0000020968be8000)

GC Heap History (0 events):
No events

Dll operation events (1 events):
Event: 0.018 Loaded shared library C:\Program Files\Android\Android Studio\jbr\bin\java.dll

Deoptimization events (0 events):
No events

Classes unloaded (0 events):
No events

Classes redefined (0 events):
No events

Internal exceptions (0 events):
No events

VM Operations (0 events):
No events

Events (0 events):
No events


Dynamic libraries:
0x00007ff6e26d0000 - 0x00007ff6e26da000 	C:\Program Files\Android\Android Studio\jbr\bin\java.exe
0x00007ffe90bf0000 - 0x00007ffe90de8000 	C:\WINDOWS\SYSTEM32\ntdll.dll
0x00007ffe8ff80000 - 0x00007ffe9003d000 	C:\WINDOWS\System32\KERNEL32.DLL
0x00007ffe8e5e0000 - 0x00007ffe8e8d6000 	C:\WINDOWS\System32\KERNELBASE.dll
0x00007ffe8e2b0000 - 0x00007ffe8e3b0000 	C:\WINDOWS\System32\ucrtbase.dll
0x00007ffe89690000 - 0x00007ffe896ab000 	C:\Program Files\Android\Android Studio\jbr\bin\VCRUNTIME140.dll
0x00007ffe3e640000 - 0x00007ffe3e657000 	C:\Program Files\Android\Android Studio\jbr\bin\jli.dll
0x00007ffe8ed70000 - 0x00007ffe8ef0f000 	C:\WINDOWS\System32\USER32.dll
0x00007ffe8e3b0000 - 0x00007ffe8e3d2000 	C:\WINDOWS\System32\win32u.dll
0x00007ffe82dc0000 - 0x00007ffe8305a000 	C:\WINDOWS\WinSxS\amd64_microsoft.windows.common-controls_6595b64144ccf1df_6.0.19041.4355_none_60b8b9eb71f62e16\COMCTL32.dll
0x00007ffe90ad0000 - 0x00007ffe90afb000 	C:\WINDOWS\System32\GDI32.dll
0x00007ffe905c0000 - 0x00007ffe9065e000 	C:\WINDOWS\System32\msvcrt.dll
0x00007ffe8e9e0000 - 0x00007ffe8eaf7000 	C:\WINDOWS\System32\gdi32full.dll
0x00007ffe8eb00000 - 0x00007ffe8eb9d000 	C:\WINDOWS\System32\msvcp_win.dll
0x00007ffe8f0a0000 - 0x00007ffe8f0cf000 	C:\WINDOWS\System32\IMM32.DLL
0x00007ffe89790000 - 0x00007ffe8979c000 	C:\Program Files\Android\Android Studio\jbr\bin\vcruntime140_1.dll
0x00007ffe73000000 - 0x00007ffe7308d000 	C:\Program Files\Android\Android Studio\jbr\bin\msvcp140.dll
0x00007ffe19100000 - 0x00007ffe19d83000 	C:\Program Files\Android\Android Studio\jbr\bin\server\jvm.dll
0x00007ffe8ef10000 - 0x00007ffe8efc0000 	C:\WINDOWS\System32\ADVAPI32.dll
0x00007ffe90520000 - 0x00007ffe905c0000 	C:\WINDOWS\System32\sechost.dll
0x00007ffe8ec30000 - 0x00007ffe8ed53000 	C:\WINDOWS\System32\RPCRT4.dll
0x00007ffe8e3e0000 - 0x00007ffe8e407000 	C:\WINDOWS\System32\bcrypt.dll
0x00007ffe8dd20000 - 0x00007ffe8dd6b000 	C:\WINDOWS\SYSTEM32\POWRPROF.dll
0x00007ffe811a0000 - 0x00007ffe811a9000 	C:\WINDOWS\SYSTEM32\WSOCK32.dll
0x00007ffe904b0000 - 0x00007ffe9051b000 	C:\WINDOWS\System32\WS2_32.dll
0x00007ffe83880000 - 0x00007ffe8388a000 	C:\WINDOWS\SYSTEM32\VERSION.dll
0x00007ffe831e0000 - 0x00007ffe83207000 	C:\WINDOWS\SYSTEM32\WINMM.dll
0x00007ffe8dd00000 - 0x00007ffe8dd12000 	C:\WINDOWS\SYSTEM32\UMPDC.dll
0x00007ffe8c010000 - 0x00007ffe8c022000 	C:\WINDOWS\SYSTEM32\kernel.appcore.dll
0x00007ffe80380000 - 0x00007ffe8038a000 	C:\Program Files\Android\Android Studio\jbr\bin\jimage.dll
0x00007ffe85210000 - 0x00007ffe853f4000 	C:\WINDOWS\SYSTEM32\DBGHELP.DLL
0x00007ffe851d0000 - 0x00007ffe85204000 	C:\WINDOWS\SYSTEM32\dbgcore.DLL
0x00007ffe8eba0000 - 0x00007ffe8ec22000 	C:\WINDOWS\System32\bcryptPrimitives.dll
0x00007ffe80350000 - 0x00007ffe80375000 	C:\Program Files\Android\Android Studio\jbr\bin\java.dll

dbghelp: loaded successfully - version: 4.0.5 - missing functions: none
symbol engine: initialized successfully - sym options: 0x614 - pdb path: .;C:\Program Files\Android\Android Studio\jbr\bin;C:\WINDOWS\SYSTEM32;C:\WINDOWS\WinSxS\amd64_microsoft.windows.common-controls_6595b64144ccf1df_6.0.19041.4355_none_60b8b9eb71f62e16;C:\Program Files\Android\Android Studio\jbr\bin\server

VM Arguments:
java_command: org.jetbrains.kotlin.cli.jvm.K2JVMCompiler @C:\Users\Propietario\Desktop\pruebasTGG\app\build\20240725_4154239287716668391.compiler.options
java_class_path (initial): C:\Users\Propietario\.gradle\caches\modules-2\files-2.1\org.jetbrains.kotlin\kotlin-compiler-embeddable\1.9.0\2c8c3a7402becca891f12739b3e9fd2dc2adbd7a\kotlin-compiler-embeddable-1.9.0.jar;C:\Users\Propietario\.gradle\caches\modules-2\files-2.1\org.jetbrains.kotlin\kotlin-stdlib\1.9.0\8ee15ef0c67dc83d874f412d84378d7f0eb50b63\kotlin-stdlib-1.9.0.jar;C:\Users\Propietario\.gradle\caches\modules-2\files-2.1\org.jetbrains.kotlin\kotlin-script-runtime\1.9.0\4b3102cbbb7e1b58d9d1adf89563f00069ffa7d1\kotlin-script-runtime-1.9.0.jar;C:\Users\Propietario\.gradle\caches\modules-2\files-2.1\org.jetbrains.kotlin\kotlin-reflect\1.6.10\1cbe9c92c12a94eea200d23c2bbaedaf3daf5132\kotlin-reflect-1.6.10.jar;C:\Users\Propietario\.gradle\caches\modules-2\files-2.1\org.jetbrains.kotlin\kotlin-daemon-embeddable\1.9.0\186543f5e28cf8d9a0290fecc2cf34301c40a65c\kotlin-daemon-embeddable-1.9.0.jar;C:\Users\Propietario\.gradle\caches\modules-2\files-2.1\org.jetbrains.intellij.deps\trove4j\1.0.20200330\3afb14d5f9ceb459d724e907a21145e8ff394f02\trove4j-1.0.20200330.jar;C:\Users\Propietario\.gradle\caches\modules-2\files-2.1\org.jetbrains.kotlin\kotlin-stdlib-common\1.9.0\cd65c21cfd1eec4d44ef09f9f52b6d9f8a720636\kotlin-stdlib-common-1.9.0.jar;C:\Users\Propietario\.gradle\caches\modules-2\files-2.1\org.jetbrains\annotations\13.0\919f0dfe192fb4e063e7dacadee7f8bb9a2672a9\annotations-13.0.jar
Launcher Type: SUN_STANDARD

[Global flags]
     intx CICompilerCount                          = 3                                         {product} {ergonomic}
     uint ConcGCThreads                            = 1                                         {product} {ergonomic}
     uint G1ConcRefinementThreads                  = 4                                         {product} {ergonomic}
   size_t G1HeapRegionSize                         = 2097152                                   {product} {ergonomic}
    uintx GCDrainStackTargetSize                   = 64                                        {product} {ergonomic}
   size_t InitialHeapSize                          = 268435456                                 {product} {ergonomic}
   size_t MarkStackSize                            = 4194304                                   {product} {ergonomic}
   size_t MaxHeapSize                              = 4263510016                                {product} {ergonomic}
   size_t MinHeapDeltaBytes                        = 2097152                                   {product} {ergonomic}
   size_t MinHeapSize                              = 8388608                                   {product} {ergonomic}
    uintx NonNMethodCodeHeapSize                   = 5832780                                {pd product} {ergonomic}
    uintx NonProfiledCodeHeapSize                  = 122912730                              {pd product} {ergonomic}
    uintx ProfiledCodeHeapSize                     = 122912730                              {pd product} {ergonomic}
    uintx ReservedCodeCacheSize                    = 251658240                              {pd product} {ergonomic}
     bool SegmentedCodeCache                       = true                                      {product} {ergonomic}
   size_t SoftMaxHeapSize                          = 4263510016                             {manageable} {ergonomic}
     bool UseCompressedClassPointers               = true                           {product lp64_product} {ergonomic}
     bool UseCompressedOops                        = true                           {product lp64_product} {ergonomic}
     bool UseG1GC                                  = true                                      {product} {ergonomic}
     bool UseLargePagesIndividualAllocation        = false                                  {pd product} {ergonomic}

Logging:
Log output configuration:
 #0: stdout all=warning uptime,level,tags
 #1: stderr all=off uptime,level,tags

Environment Variables:
JAVA_HOME=C:\Program Files\Eclipse Adoptium\jdk-11.0.13.8-hotspot
PATH=C:\Program Files (x86)\NVIDIA Corporation\PhysX\Common;C:\Program Files (x86)\Intel\iCLS Client\;C:\Program Files\Intel\iCLS Client\;C:\WINDOWS\system32;C:\WINDOWS;C:\WINDOWS\System32\Wbem;C:\WINDOWS\System32\WindowsPowerShell\v1.0\;C:\WINDOWS\System32\OpenSSH\;C:\Program Files (x86)\Intel\Intel(R) Management Engine Components\DAL;C:\Program Files\Intel\Intel(R) Management Engine Components\DAL;C:\Program Files (x86)\Intel\Intel(R) Management Engine Components\IPT;C:\Program Files\Intel\Intel(R) Management Engine Components\IPT;C:\Program Files\PuTTY\;C:\Program Files (x86)\Windows Live\Shared;C:\Program Files (x86)\Pulse Secure\VC142.CRT\X64\;C:\Program Files (x86)\Pulse Secure\VC142.CRT\X86\;C:\Program Files\Git\cmd;C:\Program Files\Pandoc\;C:\Program Files\Eclipse Adoptium\jdk-11.0.13.8-hotspot\bin;C:\Program Files\Java\apache-maven-3.8.3\bin;C:\Program Files\MySQL\MySQL Server 8.0\bin;C:\flutter\bin
USERNAME=Propietario
OS=Windows_NT
PROCESSOR_IDENTIFIER=Intel64 Family 6 Model 61 Stepping 4, GenuineIntel
TMP=C:\Users\PROPIE~1\AppData\Local\Temp
TEMP=C:\Users\PROPIE~1\AppData\Local\Temp



Periodic native trim disabled

JNI global refs:
JNI global refs: 0, weak refs: 0

JNI global refs memory usage: 0, weak refs: 0

OOME stack traces (most recent first):
Classloader memory used:


---------------  S Y S T E M  ---------------

OS:
 Windows 10 , 64 bit Build 19041 (10.0.19041.3636)
OS uptime: 11 days 6:37 hours
Hyper-V role detected

CPU: total 4 (initial active 4) (2 cores per cpu, 2 threads per core) family 6 model 61 stepping 4 microcode 0x2d, cx8, cmov, fxsr, ht, mmx, 3dnowpref, sse, sse2, sse3, ssse3, sse4.1, sse4.2, popcnt, lzcnt, tsc, tscinvbit, avx, avx2, aes, erms, clmul, bmi1, bmi2, rtm, adx, fma, vzeroupper, clflush, hv
Processor Information for all 4 processors :
  Max Mhz: 2301, Current Mhz: 2301, Mhz Limit: 2301

Memory: 4k page, system-wide physical 16259M (2502M free)
TotalPageFile size 42783M (AvailPageFile size 148M)
current process WorkingSet (physical memory assigned to process): 10M, peak: 10M
current process commit charge ("private bytes"): 52M, peak: 307M

vm_info: OpenJDK 64-Bit Server VM (17.0.9+0--11185874) for windows-amd64 JRE (17.0.9+0--11185874), built on Dec  6 2023 18:57:44 by "androidbuild" with MS VC++ 16.10 / 16.11 (VS2019)

END.
